{
  "E:/MyProject/RS-React2023Q1/RS-React2023Q1/src/components/Heading.tsx": {
    "path": "E:/MyProject/RS-React2023Q1/RS-React2023Q1/src/components/Heading.tsx",
    "statementMap": {
      "0": {
        "start": {
          "line": 3,
          "column": 0
        },
        "end": {
          "line": 3,
          "column": 104
        }
      },
      "1": {
        "start": {
          "line": 3,
          "column": 26
        },
        "end": {
          "line": 3,
          "column": 104
        }
      },
      "2": {
        "start": {
          "line": 4,
          "column": 23
        },
        "end": {
          "line": 4,
          "column": 42
        }
      },
      "3": {
        "start": {
          "line": 5,
          "column": 23
        },
        "end": {
          "line": 5,
          "column": 42
        }
      },
      "4": {
        "start": {
          "line": 6,
          "column": 0
        },
        "end": {
          "line": 6,
          "column": 124
        }
      },
      "5": {
        "start": {
          "line": 7,
          "column": 0
        },
        "end": {
          "line": 7,
          "column": 73
        }
      },
      "6": {
        "start": {
          "line": 12,
          "column": 4
        },
        "end": {
          "line": 19,
          "column": 13
        }
      },
      "7": {
        "start": {
          "line": 21,
          "column": 0
        },
        "end": {
          "line": 21,
          "column": 13
        }
      },
      "8": {
        "start": {
          "line": 24,
          "column": 0
        },
        "end": {
          "line": 24,
          "column": 28
        }
      },
      "9": {
        "start": {
          "line": 27,
          "column": 0
        },
        "end": {
          "line": 27,
          "column": 37
        }
      },
      "10": {
        "start": {
          "line": 28,
          "column": 0
        },
        "end": {
          "line": 28,
          "column": 37
        }
      },
      "11": {
        "start": {
          "line": 29,
          "column": 0
        },
        "end": {
          "line": 36,
          "column": 3
        }
      },
      "12": {
        "start": {
          "line": 30,
          "column": 2
        },
        "end": {
          "line": 30,
          "column": 137
        }
      },
      "13": {
        "start": {
          "line": 31,
          "column": 2
        },
        "end": {
          "line": 35,
          "column": 5
        }
      },
      "14": {
        "start": {
          "line": 32,
          "column": 4
        },
        "end": {
          "line": 32,
          "column": 29
        }
      },
      "15": {
        "start": {
          "line": 32,
          "column": 22
        },
        "end": {
          "line": 32,
          "column": 29
        }
      },
      "16": {
        "start": {
          "line": 33,
          "column": 30
        },
        "end": {
          "line": 33,
          "column": 113
        }
      },
      "17": {
        "start": {
          "line": 34,
          "column": 4
        },
        "end": {
          "line": 34,
          "column": 73
        }
      },
      "18": {
        "start": {
          "line": 34,
          "column": 27
        },
        "end": {
          "line": 34,
          "column": 73
        }
      }
    },
    "fnMap": {
      "0": {
        "name": "Heading",
        "decl": {
          "start": {
            "line": 11,
            "column": 9
          },
          "end": {
            "line": 11,
            "column": 16
          }
        },
        "loc": {
          "start": {
            "line": 11,
            "column": 32
          },
          "end": {
            "line": 20,
            "column": 1
          }
        },
        "line": 11
      },
      "1": {
        "name": "(anonymous_1)",
        "decl": {
          "start": {
            "line": 29,
            "column": 48
          },
          "end": {
            "line": 29,
            "column": 49
          }
        },
        "loc": {
          "start": {
            "line": 29,
            "column": 68
          },
          "end": {
            "line": 36,
            "column": 1
          }
        },
        "line": 29
      },
      "2": {
        "name": "(anonymous_2)",
        "decl": {
          "start": {
            "line": 31,
            "column": 25
          },
          "end": {
            "line": 31,
            "column": 26
          }
        },
        "loc": {
          "start": {
            "line": 31,
            "column": 42
          },
          "end": {
            "line": 35,
            "column": 3
          }
        },
        "line": 31
      }
    },
    "branchMap": {
      "0": {
        "loc": {
          "start": {
            "line": 3,
            "column": 0
          },
          "end": {
            "line": 3,
            "column": 104
          }
        },
        "type": "if",
        "locations": [
          {
            "start": {
              "line": 3,
              "column": 0
            },
            "end": {
              "line": 3,
              "column": 104
            }
          },
          {
            "start": {},
            "end": {}
          }
        ],
        "line": 3
      },
      "1": {
        "loc": {
          "start": {
            "line": 32,
            "column": 4
          },
          "end": {
            "line": 32,
            "column": 29
          }
        },
        "type": "if",
        "locations": [
          {
            "start": {
              "line": 32,
              "column": 4
            },
            "end": {
              "line": 32,
              "column": 29
            }
          },
          {
            "start": {},
            "end": {}
          }
        ],
        "line": 32
      },
      "2": {
        "loc": {
          "start": {
            "line": 34,
            "column": 4
          },
          "end": {
            "line": 34,
            "column": 73
          }
        },
        "type": "if",
        "locations": [
          {
            "start": {
              "line": 34,
              "column": 4
            },
            "end": {
              "line": 34,
              "column": 73
            }
          },
          {
            "start": {},
            "end": {}
          }
        ],
        "line": 34
      }
    },
    "s": {
      "0": 24,
      "1": 0,
      "2": 24,
      "3": 24,
      "4": 24,
      "5": 24,
      "6": 28,
      "7": 24,
      "8": 24,
      "9": 24,
      "10": 24,
      "11": 24,
      "12": 16,
      "13": 16,
      "14": 0,
      "15": 0,
      "16": 0,
      "17": 0,
      "18": 0
    },
    "f": {
      "0": 28,
      "1": 16,
      "2": 0
    },
    "b": {
      "0": [
        0,
        24
      ],
      "1": [
        0,
        0
      ],
      "2": [
        0,
        0
      ]
    },
    "inputSourceMap": {
      "version": 3,
      "sources": [
        "E:/MyProject/RS-React2023Q1/RS-React2023Q1/src/components/Heading.tsx"
      ],
      "names": [
        "styles",
        "Heading",
        "children",
        "h1",
        "className",
        "heading"
      ],
      "mappings": ";;;;;;;;;AACA,OAAOA,YAAY,gCAAgC;AAEnD,SAASC,QAAQ,EAAEC,SAAQ,EAAmB,EAAE;IAC9C,qBAAO,QAACC;QAAGC,WAAWJ,OAAOK,OAAO;kBAAGH;;;;;;AACzC;KAFSD;AAIT,eAAeA,QAAQ"
    },
    "_coverageSchema": "1a1c01bbd47fc00a2c39e90264f33305004495a9",
    "hash": "0f2822ec9ebaa56cafdb91e26b744fe56bdf7c6e"
  },
  "E:/MyProject/RS-React2023Q1/RS-React2023Q1/src/hooks/useActions.ts": {
    "path": "E:/MyProject/RS-React2023Q1/RS-React2023Q1/src/hooks/useActions.ts",
    "statementMap": {
      "0": {
        "start": {
          "line": 2,
          "column": 30
        },
        "end": {
          "line": 2,
          "column": 47
        }
      },
      "1": {
        "start": {
          "line": 2,
          "column": 34
        },
        "end": {
          "line": 2,
          "column": 47
        }
      },
      "2": {
        "start": {
          "line": 3,
          "column": 30
        },
        "end": {
          "line": 3,
          "column": 41
        }
      }
    },
    "fnMap": {
      "0": {
        "name": "(anonymous_0)",
        "decl": {
          "start": {
            "line": 2,
            "column": 30
          },
          "end": {
            "line": 2,
            "column": 31
          }
        },
        "loc": {
          "start": {
            "line": 2,
            "column": 34
          },
          "end": {
            "line": 2,
            "column": 47
          }
        },
        "line": 2
      }
    },
    "branchMap": {},
    "s": {
      "0": 24,
      "1": 32,
      "2": 24
    },
    "f": {
      "0": 32
    },
    "b": {},
    "inputSourceMap": {
      "version": 3,
      "sources": [
        "E:/MyProject/RS-React2023Q1/RS-React2023Q1/src/hooks/useActions.ts"
      ],
      "names": [
        "useDispatch",
        "useSelector",
        "useAppDispatch",
        "useAppSelector"
      ],
      "mappings": "AAAA,SAASA,WAAW,EAAEC,WAAW,QAA8B,cAAc;AAK7E,OAAO,MAAMC,iBAAiB,IAA6BF,cAA2B;AACtF,OAAO,MAAMG,iBAAkDF,YAAY"
    },
    "_coverageSchema": "1a1c01bbd47fc00a2c39e90264f33305004495a9",
    "hash": "489e64caca98e6340c8ac72ad53421aa3ded921f"
  },
  "E:/MyProject/RS-React2023Q1/RS-React2023Q1/src/RTK_Query/movieAPI.ts": {
    "path": "E:/MyProject/RS-React2023Q1/RS-React2023Q1/src/RTK_Query/movieAPI.ts",
    "statementMap": {
      "0": {
        "start": {
          "line": 2,
          "column": 16
        },
        "end": {
          "line": 2,
          "column": 50
        }
      },
      "1": {
        "start": {
          "line": 3,
          "column": 17
        },
        "end": {
          "line": 3,
          "column": 47
        }
      },
      "2": {
        "start": {
          "line": 4,
          "column": 24
        },
        "end": {
          "line": 20,
          "column": 2
        }
      },
      "3": {
        "start": {
          "line": 9,
          "column": 27
        },
        "end": {
          "line": 19,
          "column": 9
        }
      },
      "4": {
        "start": {
          "line": 11,
          "column": 27
        },
        "end": {
          "line": 11,
          "column": 67
        }
      },
      "5": {
        "start": {
          "line": 14,
          "column": 38
        },
        "end": {
          "line": 14,
          "column": 93
        }
      },
      "6": {
        "start": {
          "line": 17,
          "column": 29
        },
        "end": {
          "line": 17,
          "column": 77
        }
      },
      "7": {
        "start": {
          "line": 21,
          "column": 88
        },
        "end": {
          "line": 21,
          "column": 96
        }
      }
    },
    "fnMap": {
      "0": {
        "name": "(anonymous_0)",
        "decl": {
          "start": {
            "line": 9,
            "column": 15
          },
          "end": {
            "line": 9,
            "column": 16
          }
        },
        "loc": {
          "start": {
            "line": 9,
            "column": 27
          },
          "end": {
            "line": 19,
            "column": 9
          }
        },
        "line": 9
      },
      "1": {
        "name": "(anonymous_1)",
        "decl": {
          "start": {
            "line": 11,
            "column": 23
          },
          "end": {
            "line": 11,
            "column": 24
          }
        },
        "loc": {
          "start": {
            "line": 11,
            "column": 27
          },
          "end": {
            "line": 11,
            "column": 67
          }
        },
        "line": 11
      },
      "2": {
        "name": "(anonymous_2)",
        "decl": {
          "start": {
            "line": 14,
            "column": 23
          },
          "end": {
            "line": 14,
            "column": 24
          }
        },
        "loc": {
          "start": {
            "line": 14,
            "column": 38
          },
          "end": {
            "line": 14,
            "column": 93
          }
        },
        "line": 14
      },
      "3": {
        "name": "(anonymous_3)",
        "decl": {
          "start": {
            "line": 17,
            "column": 23
          },
          "end": {
            "line": 17,
            "column": 24
          }
        },
        "loc": {
          "start": {
            "line": 17,
            "column": 29
          },
          "end": {
            "line": 17,
            "column": 77
          }
        },
        "line": 17
      }
    },
    "branchMap": {},
    "s": {
      "0": 24,
      "1": 24,
      "2": 24,
      "3": 24,
      "4": 14,
      "5": 16,
      "6": 8,
      "7": 24
    },
    "f": {
      "0": 24,
      "1": 14,
      "2": 16,
      "3": 8
    },
    "b": {},
    "inputSourceMap": {
      "version": 3,
      "sources": [
        "E:/MyProject/RS-React2023Q1/RS-React2023Q1/src/RTK_Query/movieAPI.ts"
      ],
      "names": [
        "createApi",
        "fetchBaseQuery",
        "API_KEY",
        "BASE_URL",
        "MovieApi",
        "reducerPath",
        "baseQuery",
        "baseUrl",
        "endpoints",
        "builder",
        "getTopMovie",
        "query",
        "getSearchMovie",
        "searchQuery",
        "getMovieByID",
        "id",
        "useGetTopMovieQuery",
        "useGetSearchMovieQuery",
        "useGetMovieByIDQuery"
      ],
      "mappings": "AAAA,SAASA,SAAS,EAAEC,cAAc,QAAQ,+BAA+B;AAGzE,MAAMC,UAAU;AAChB,MAAMC,WAAW;AAEjB,OAAO,MAAMC,WAAWJ,UAAU;IAChCK,aAAa;IACbC,WAAWL,eAAe;QAAEM,SAAS,CAAC,EAAEJ,SAAS,CAAC;IAAC;IAEnDK,WAAW,CAACC,UAAa,CAAA;YACvBC,aAAaD,QAAQE,KAAK,CAAC;gBACzBA,OAAO,IAAM,CAAC,4BAA4B,EAAET,QAAQ,CAAC;YACvD;YACAU,gBAAgBH,QAAQE,KAAK,CAAC;gBAC5BA,OAAO,CAACE,cAAgB,CAAC,sBAAsB,EAAEX,QAAQ,OAAO,EAAEW,YAAY,CAAC;YACjF;YACAC,cAAcL,QAAQE,KAAK,CAA2B;gBACpDA,OAAO,CAACI,KAAO,CAAC,OAAO,EAAEA,GAAG,SAAS,EAAEb,QAAQ,eAAe,CAAC;YACjE;QACF,CAAA;AACF,GAAG;AAEH,OAAO,MAAM,EAAEc,oBAAmB,EAAEC,uBAAsB,EAAEC,qBAAoB,EAAE,GAAGd,SAAS"
    },
    "_coverageSchema": "1a1c01bbd47fc00a2c39e90264f33305004495a9",
    "hash": "e9a7e11cdcd01ba16cbcb41f38e062cfa1ebd230"
  },
  "E:/MyProject/RS-React2023Q1/RS-React2023Q1/src/components/chooseColor.ts": {
    "path": "E:/MyProject/RS-React2023Q1/RS-React2023Q1/src/components/chooseColor.ts",
    "statementMap": {
      "0": {
        "start": {
          "line": 2,
          "column": 4
        },
        "end": {
          "line": 4,
          "column": 40
        }
      },
      "1": {
        "start": {
          "line": 2,
          "column": 19
        },
        "end": {
          "line": 2,
          "column": 32
        }
      },
      "2": {
        "start": {
          "line": 3,
          "column": 9
        },
        "end": {
          "line": 4,
          "column": 40
        }
      },
      "3": {
        "start": {
          "line": 3,
          "column": 38
        },
        "end": {
          "line": 3,
          "column": 54
        }
      },
      "4": {
        "start": {
          "line": 4,
          "column": 9
        },
        "end": {
          "line": 4,
          "column": 40
        }
      },
      "5": {
        "start": {
          "line": 4,
          "column": 25
        },
        "end": {
          "line": 4,
          "column": 40
        }
      }
    },
    "fnMap": {
      "0": {
        "name": "chooseColor",
        "decl": {
          "start": {
            "line": 1,
            "column": 9
          },
          "end": {
            "line": 1,
            "column": 20
          }
        },
        "loc": {
          "start": {
            "line": 1,
            "column": 28
          },
          "end": {
            "line": 5,
            "column": 1
          }
        },
        "line": 1
      }
    },
    "branchMap": {
      "0": {
        "loc": {
          "start": {
            "line": 2,
            "column": 4
          },
          "end": {
            "line": 4,
            "column": 40
          }
        },
        "type": "if",
        "locations": [
          {
            "start": {
              "line": 2,
              "column": 4
            },
            "end": {
              "line": 4,
              "column": 40
            }
          },
          {
            "start": {
              "line": 3,
              "column": 9
            },
            "end": {
              "line": 4,
              "column": 40
            }
          }
        ],
        "line": 2
      },
      "1": {
        "loc": {
          "start": {
            "line": 3,
            "column": 9
          },
          "end": {
            "line": 4,
            "column": 40
          }
        },
        "type": "if",
        "locations": [
          {
            "start": {
              "line": 3,
              "column": 9
            },
            "end": {
              "line": 4,
              "column": 40
            }
          },
          {
            "start": {
              "line": 4,
              "column": 9
            },
            "end": {
              "line": 4,
              "column": 40
            }
          }
        ],
        "line": 3
      },
      "2": {
        "loc": {
          "start": {
            "line": 3,
            "column": 13
          },
          "end": {
            "line": 3,
            "column": 36
          }
        },
        "type": "binary-expr",
        "locations": [
          {
            "start": {
              "line": 3,
              "column": 13
            },
            "end": {
              "line": 3,
              "column": 23
            }
          },
          {
            "start": {
              "line": 3,
              "column": 27
            },
            "end": {
              "line": 3,
              "column": 36
            }
          }
        ],
        "line": 3
      },
      "3": {
        "loc": {
          "start": {
            "line": 4,
            "column": 9
          },
          "end": {
            "line": 4,
            "column": 40
          }
        },
        "type": "if",
        "locations": [
          {
            "start": {
              "line": 4,
              "column": 9
            },
            "end": {
              "line": 4,
              "column": 40
            }
          },
          {
            "start": {},
            "end": {}
          }
        ],
        "line": 4
      }
    },
    "s": {
      "0": 800,
      "1": 86,
      "2": 714,
      "3": 672,
      "4": 42,
      "5": 42
    },
    "f": {
      "0": 800
    },
    "b": {
      "0": [
        86,
        714
      ],
      "1": [
        672,
        42
      ],
      "2": [
        714,
        714
      ],
      "3": [
        42,
        0
      ]
    },
    "inputSourceMap": {
      "version": 3,
      "sources": [
        "E:/MyProject/RS-React2023Q1/RS-React2023Q1/src/components/chooseColor.ts"
      ],
      "names": [
        "chooseColor",
        "value"
      ],
      "mappings": "AAAA,SAASA,YAAYC,KAAa,EAAE;IAClC,IAAIA,QAAQ,GAAG,OAAO;SACjB,IAAIA,SAAS,KAAKA,QAAQ,GAAG,OAAO;SACpC,IAAIA,SAAS,GAAG,OAAO;AAC9B;AAEA,eAAeD,YAAY"
    },
    "_coverageSchema": "1a1c01bbd47fc00a2c39e90264f33305004495a9",
    "hash": "e0745e3a322065336f984b27e45be2f17f3a02a5"
  },
  "E:/MyProject/RS-React2023Q1/RS-React2023Q1/src/components/Cards.tsx": {
    "path": "E:/MyProject/RS-React2023Q1/RS-React2023Q1/src/components/Cards.tsx",
    "statementMap": {
      "0": {
        "start": {
          "line": 3,
          "column": 0
        },
        "end": {
          "line": 3,
          "column": 104
        }
      },
      "1": {
        "start": {
          "line": 3,
          "column": 26
        },
        "end": {
          "line": 3,
          "column": 104
        }
      },
      "2": {
        "start": {
          "line": 4,
          "column": 23
        },
        "end": {
          "line": 4,
          "column": 42
        }
      },
      "3": {
        "start": {
          "line": 5,
          "column": 23
        },
        "end": {
          "line": 5,
          "column": 42
        }
      },
      "4": {
        "start": {
          "line": 6,
          "column": 0
        },
        "end": {
          "line": 6,
          "column": 122
        }
      },
      "5": {
        "start": {
          "line": 7,
          "column": 0
        },
        "end": {
          "line": 7,
          "column": 73
        }
      },
      "6": {
        "start": {
          "line": 14,
          "column": 4
        },
        "end": {
          "line": 78,
          "column": 13
        }
      },
      "7": {
        "start": {
          "line": 17,
          "column": 40
        },
        "end": {
          "line": 17,
          "column": 68
        }
      },
      "8": {
        "start": {
          "line": 18,
          "column": 36
        },
        "end": {
          "line": 18,
          "column": 72
        }
      },
      "9": {
        "start": {
          "line": 19,
          "column": 38
        },
        "end": {
          "line": 19,
          "column": 66
        }
      },
      "10": {
        "start": {
          "line": 20,
          "column": 12
        },
        "end": {
          "line": 72,
          "column": 21
        }
      },
      "11": {
        "start": {
          "line": 22,
          "column": 29
        },
        "end": {
          "line": 22,
          "column": 51
        }
      },
      "12": {
        "start": {
          "line": 80,
          "column": 0
        },
        "end": {
          "line": 80,
          "column": 11
        }
      },
      "13": {
        "start": {
          "line": 83,
          "column": 0
        },
        "end": {
          "line": 83,
          "column": 26
        }
      },
      "14": {
        "start": {
          "line": 86,
          "column": 0
        },
        "end": {
          "line": 86,
          "column": 37
        }
      },
      "15": {
        "start": {
          "line": 87,
          "column": 0
        },
        "end": {
          "line": 87,
          "column": 37
        }
      },
      "16": {
        "start": {
          "line": 88,
          "column": 0
        },
        "end": {
          "line": 95,
          "column": 3
        }
      },
      "17": {
        "start": {
          "line": 89,
          "column": 2
        },
        "end": {
          "line": 89,
          "column": 135
        }
      },
      "18": {
        "start": {
          "line": 90,
          "column": 2
        },
        "end": {
          "line": 94,
          "column": 5
        }
      },
      "19": {
        "start": {
          "line": 91,
          "column": 4
        },
        "end": {
          "line": 91,
          "column": 29
        }
      },
      "20": {
        "start": {
          "line": 91,
          "column": 22
        },
        "end": {
          "line": 91,
          "column": 29
        }
      },
      "21": {
        "start": {
          "line": 92,
          "column": 30
        },
        "end": {
          "line": 92,
          "column": 113
        }
      },
      "22": {
        "start": {
          "line": 93,
          "column": 4
        },
        "end": {
          "line": 93,
          "column": 73
        }
      },
      "23": {
        "start": {
          "line": 93,
          "column": 27
        },
        "end": {
          "line": 93,
          "column": 73
        }
      }
    },
    "fnMap": {
      "0": {
        "name": "Cards",
        "decl": {
          "start": {
            "line": 13,
            "column": 9
          },
          "end": {
            "line": 13,
            "column": 14
          }
        },
        "loc": {
          "start": {
            "line": 13,
            "column": 43
          },
          "end": {
            "line": 79,
            "column": 1
          }
        },
        "line": 13
      },
      "1": {
        "name": "(anonymous_1)",
        "decl": {
          "start": {
            "line": 16,
            "column": 37
          },
          "end": {
            "line": 16,
            "column": 38
          }
        },
        "loc": {
          "start": {
            "line": 16,
            "column": 45
          },
          "end": {
            "line": 73,
            "column": 9
          }
        },
        "line": 16
      },
      "2": {
        "name": "(anonymous_2)",
        "decl": {
          "start": {
            "line": 22,
            "column": 25
          },
          "end": {
            "line": 22,
            "column": 26
          }
        },
        "loc": {
          "start": {
            "line": 22,
            "column": 29
          },
          "end": {
            "line": 22,
            "column": 51
          }
        },
        "line": 22
      },
      "3": {
        "name": "(anonymous_3)",
        "decl": {
          "start": {
            "line": 88,
            "column": 48
          },
          "end": {
            "line": 88,
            "column": 49
          }
        },
        "loc": {
          "start": {
            "line": 88,
            "column": 68
          },
          "end": {
            "line": 95,
            "column": 1
          }
        },
        "line": 88
      },
      "4": {
        "name": "(anonymous_4)",
        "decl": {
          "start": {
            "line": 90,
            "column": 25
          },
          "end": {
            "line": 90,
            "column": 26
          }
        },
        "loc": {
          "start": {
            "line": 90,
            "column": 42
          },
          "end": {
            "line": 94,
            "column": 3
          }
        },
        "line": 90
      }
    },
    "branchMap": {
      "0": {
        "loc": {
          "start": {
            "line": 3,
            "column": 0
          },
          "end": {
            "line": 3,
            "column": 104
          }
        },
        "type": "if",
        "locations": [
          {
            "start": {
              "line": 3,
              "column": 0
            },
            "end": {
              "line": 3,
              "column": 104
            }
          },
          {
            "start": {},
            "end": {}
          }
        ],
        "line": 3
      },
      "1": {
        "loc": {
          "start": {
            "line": 16,
            "column": 18
          },
          "end": {
            "line": 73,
            "column": 10
          }
        },
        "type": "binary-expr",
        "locations": [
          {
            "start": {
              "line": 16,
              "column": 18
            },
            "end": {
              "line": 16,
              "column": 23
            }
          },
          {
            "start": {
              "line": 16,
              "column": 27
            },
            "end": {
              "line": 73,
              "column": 10
            }
          }
        ],
        "line": 16
      },
      "2": {
        "loc": {
          "start": {
            "line": 25,
            "column": 29
          },
          "end": {
            "line": 25,
            "column": 117
          }
        },
        "type": "cond-expr",
        "locations": [
          {
            "start": {
              "line": 25,
              "column": 48
            },
            "end": {
              "line": 25,
              "column": 101
            }
          },
          {
            "start": {
              "line": 25,
              "column": 104
            },
            "end": {
              "line": 25,
              "column": 117
            }
          }
        ],
        "line": 25
      },
      "3": {
        "loc": {
          "start": {
            "line": 91,
            "column": 4
          },
          "end": {
            "line": 91,
            "column": 29
          }
        },
        "type": "if",
        "locations": [
          {
            "start": {
              "line": 91,
              "column": 4
            },
            "end": {
              "line": 91,
              "column": 29
            }
          },
          {
            "start": {},
            "end": {}
          }
        ],
        "line": 91
      },
      "4": {
        "loc": {
          "start": {
            "line": 93,
            "column": 4
          },
          "end": {
            "line": 93,
            "column": 73
          }
        },
        "type": "if",
        "locations": [
          {
            "start": {
              "line": 93,
              "column": 4
            },
            "end": {
              "line": 93,
              "column": 73
            }
          },
          {
            "start": {},
            "end": {}
          }
        ],
        "line": 93
      }
    },
    "s": {
      "0": 24,
      "1": 0,
      "2": 24,
      "3": 24,
      "4": 24,
      "5": 24,
      "6": 110,
      "7": 800,
      "8": 800,
      "9": 800,
      "10": 800,
      "11": 8,
      "12": 24,
      "13": 24,
      "14": 24,
      "15": 24,
      "16": 24,
      "17": 16,
      "18": 16,
      "19": 0,
      "20": 0,
      "21": 0,
      "22": 0,
      "23": 0
    },
    "f": {
      "0": 110,
      "1": 800,
      "2": 8,
      "3": 16,
      "4": 0
    },
    "b": {
      "0": [
        0,
        24
      ],
      "1": [
        110,
        75
      ],
      "2": [
        797,
        3
      ],
      "3": [
        0,
        0
      ],
      "4": [
        0,
        0
      ]
    },
    "inputSourceMap": {
      "version": 3,
      "sources": [
        "E:/MyProject/RS-React2023Q1/RS-React2023Q1/src/components/Cards.tsx"
      ],
      "names": [
        "chooseColor",
        "styles",
        "ImageNotFound",
        "Cards",
        "cards",
        "currentCardID",
        "ul",
        "className",
        "map",
        "card",
        "year",
        "month",
        "date",
        "release_date",
        "split",
        "numberOfAverage",
        "Number",
        "vote_average",
        "toFixed",
        "averageColorStyle",
        "li",
        "cards_item",
        "onClick",
        "id",
        "img",
        "src",
        "poster_path",
        "alt",
        "title",
        "card_image",
        "h2",
        "card_title",
        "div",
        "card_date",
        "card_circle",
        "span",
        "card_average",
        "style",
        "color"
      ],
      "mappings": ";;;;;;;;;AACA,OAAOA,iBAAiB,gBAAgB;AACxC,OAAOC,YAAY,8BAA8B;AACjD,OAAOC,mBAAmB,0CAA0C;AAEpE,SAASC,MAAM,EAAEC,MAAK,EAAEC,cAAa,EAAa,EAAE;IAClD,qBACE,QAACC;QAAGC,WAAWN,OAAOG,KAAK;kBACxBA,SACCA,MAAMI,GAAG,CAAC,CAACC,OAAS;YAClB,MAAM,CAACC,MAAMC,OAAOC,KAAK,GAAGH,KAAKI,YAAY,CAACC,KAAK,CAAC;YACpD,MAAMC,kBAAkBC,OAAOP,KAAKQ,YAAY,CAACC,OAAO,CAAC;YACzD,MAAMC,oBAAoBnB,YAAYe;YAEtC,qBACE,QAACK;gBAAiBb,WAAWN,OAAOoB,UAAU;gBAAEC,SAAS,IAAMjB,cAAcI,KAAKc,EAAE;;kCAClF,QAACC;wBACCC,KACEhB,KAAKiB,WAAW,GACZ,CAAC,gCAAgC,EAAEjB,KAAKiB,WAAW,CAAC,CAAC,GACrDxB,aAAa;wBAEnByB,KAAK,CAAC,EAAElB,KAAKmB,KAAK,CAAC,CAAC;wBACpBrB,WAAWN,OAAO4B,UAAU;;;;;;kCAE9B,QAACC;wBAAGvB,WAAWN,OAAO8B,UAAU;kCAAGtB,KAAKmB,KAAK;;;;;;kCAC7C,QAACI;wBAAIzB,WAAWN,OAAOgC,SAAS;kCAAG,CAAC,EAAErB,KAAK,CAAC,EAAED,MAAM,CAAC,EAAED,KAAK,CAAC;;;;;;kCAC7D,QAACsB;wBAAIzB,WAAWN,OAAOiC,WAAW;kCAChC,cAAA,QAACC;4BAAK5B,WAAWN,OAAOmC,YAAY;4BAAEC,OAAO;gCAAEC,OAAO,CAAC,EAAEnB,kBAAkB,CAAC;4BAAC;sCAC1EJ;;;;;;;;;;;;eAdEN,KAAKc,EAAE;;;;;QAmBpB;;;;;;AAGR;KAhCSpB;AAkCT,eAAeA,MAAM"
    },
    "_coverageSchema": "1a1c01bbd47fc00a2c39e90264f33305004495a9",
    "hash": "13f6be8c43cdd0637054984e1072efd9d2c1faf0"
  },
  "E:/MyProject/RS-React2023Q1/RS-React2023Q1/src/components/Modal.tsx": {
    "path": "E:/MyProject/RS-React2023Q1/RS-React2023Q1/src/components/Modal.tsx",
    "statementMap": {
      "0": {
        "start": {
          "line": 3,
          "column": 0
        },
        "end": {
          "line": 3,
          "column": 104
        }
      },
      "1": {
        "start": {
          "line": 3,
          "column": 26
        },
        "end": {
          "line": 3,
          "column": 104
        }
      },
      "2": {
        "start": {
          "line": 4,
          "column": 23
        },
        "end": {
          "line": 4,
          "column": 42
        }
      },
      "3": {
        "start": {
          "line": 5,
          "column": 23
        },
        "end": {
          "line": 5,
          "column": 42
        }
      },
      "4": {
        "start": {
          "line": 6,
          "column": 0
        },
        "end": {
          "line": 6,
          "column": 122
        }
      },
      "5": {
        "start": {
          "line": 7,
          "column": 0
        },
        "end": {
          "line": 7,
          "column": 73
        }
      },
      "6": {
        "start": {
          "line": 12,
          "column": 32
        },
        "end": {
          "line": 16,
          "column": 5
        }
      },
      "7": {
        "start": {
          "line": 13,
          "column": 8
        },
        "end": {
          "line": 15,
          "column": 9
        }
      },
      "8": {
        "start": {
          "line": 14,
          "column": 12
        },
        "end": {
          "line": 14,
          "column": 22
        }
      },
      "9": {
        "start": {
          "line": 17,
          "column": 4
        },
        "end": {
          "line": 32,
          "column": 13
        }
      },
      "10": {
        "start": {
          "line": 34,
          "column": 0
        },
        "end": {
          "line": 34,
          "column": 11
        }
      },
      "11": {
        "start": {
          "line": 37,
          "column": 0
        },
        "end": {
          "line": 37,
          "column": 26
        }
      },
      "12": {
        "start": {
          "line": 40,
          "column": 0
        },
        "end": {
          "line": 40,
          "column": 37
        }
      },
      "13": {
        "start": {
          "line": 41,
          "column": 0
        },
        "end": {
          "line": 41,
          "column": 37
        }
      },
      "14": {
        "start": {
          "line": 42,
          "column": 0
        },
        "end": {
          "line": 49,
          "column": 3
        }
      },
      "15": {
        "start": {
          "line": 43,
          "column": 2
        },
        "end": {
          "line": 43,
          "column": 135
        }
      },
      "16": {
        "start": {
          "line": 44,
          "column": 2
        },
        "end": {
          "line": 48,
          "column": 5
        }
      },
      "17": {
        "start": {
          "line": 45,
          "column": 4
        },
        "end": {
          "line": 45,
          "column": 29
        }
      },
      "18": {
        "start": {
          "line": 45,
          "column": 22
        },
        "end": {
          "line": 45,
          "column": 29
        }
      },
      "19": {
        "start": {
          "line": 46,
          "column": 30
        },
        "end": {
          "line": 46,
          "column": 113
        }
      },
      "20": {
        "start": {
          "line": 47,
          "column": 4
        },
        "end": {
          "line": 47,
          "column": 73
        }
      },
      "21": {
        "start": {
          "line": 47,
          "column": 27
        },
        "end": {
          "line": 47,
          "column": 73
        }
      }
    },
    "fnMap": {
      "0": {
        "name": "Modal",
        "decl": {
          "start": {
            "line": 11,
            "column": 9
          },
          "end": {
            "line": 11,
            "column": 14
          }
        },
        "loc": {
          "start": {
            "line": 11,
            "column": 40
          },
          "end": {
            "line": 33,
            "column": 1
          }
        },
        "line": 11
      },
      "1": {
        "name": "(anonymous_1)",
        "decl": {
          "start": {
            "line": 12,
            "column": 32
          },
          "end": {
            "line": 12,
            "column": 33
          }
        },
        "loc": {
          "start": {
            "line": 12,
            "column": 41
          },
          "end": {
            "line": 16,
            "column": 5
          }
        },
        "line": 12
      },
      "2": {
        "name": "(anonymous_2)",
        "decl": {
          "start": {
            "line": 42,
            "column": 48
          },
          "end": {
            "line": 42,
            "column": 49
          }
        },
        "loc": {
          "start": {
            "line": 42,
            "column": 68
          },
          "end": {
            "line": 49,
            "column": 1
          }
        },
        "line": 42
      },
      "3": {
        "name": "(anonymous_3)",
        "decl": {
          "start": {
            "line": 44,
            "column": 25
          },
          "end": {
            "line": 44,
            "column": 26
          }
        },
        "loc": {
          "start": {
            "line": 44,
            "column": 42
          },
          "end": {
            "line": 48,
            "column": 3
          }
        },
        "line": 44
      }
    },
    "branchMap": {
      "0": {
        "loc": {
          "start": {
            "line": 3,
            "column": 0
          },
          "end": {
            "line": 3,
            "column": 104
          }
        },
        "type": "if",
        "locations": [
          {
            "start": {
              "line": 3,
              "column": 0
            },
            "end": {
              "line": 3,
              "column": 104
            }
          },
          {
            "start": {},
            "end": {}
          }
        ],
        "line": 3
      },
      "1": {
        "loc": {
          "start": {
            "line": 13,
            "column": 8
          },
          "end": {
            "line": 15,
            "column": 9
          }
        },
        "type": "if",
        "locations": [
          {
            "start": {
              "line": 13,
              "column": 8
            },
            "end": {
              "line": 15,
              "column": 9
            }
          },
          {
            "start": {},
            "end": {}
          }
        ],
        "line": 13
      },
      "2": {
        "loc": {
          "start": {
            "line": 45,
            "column": 4
          },
          "end": {
            "line": 45,
            "column": 29
          }
        },
        "type": "if",
        "locations": [
          {
            "start": {
              "line": 45,
              "column": 4
            },
            "end": {
              "line": 45,
              "column": 29
            }
          },
          {
            "start": {},
            "end": {}
          }
        ],
        "line": 45
      },
      "3": {
        "loc": {
          "start": {
            "line": 47,
            "column": 4
          },
          "end": {
            "line": 47,
            "column": 73
          }
        },
        "type": "if",
        "locations": [
          {
            "start": {
              "line": 47,
              "column": 4
            },
            "end": {
              "line": 47,
              "column": 73
            }
          },
          {
            "start": {},
            "end": {}
          }
        ],
        "line": 47
      }
    },
    "s": {
      "0": 24,
      "1": 0,
      "2": 24,
      "3": 24,
      "4": 24,
      "5": 24,
      "6": 8,
      "7": 6,
      "8": 2,
      "9": 8,
      "10": 24,
      "11": 24,
      "12": 24,
      "13": 24,
      "14": 24,
      "15": 16,
      "16": 16,
      "17": 0,
      "18": 0,
      "19": 0,
      "20": 0,
      "21": 0
    },
    "f": {
      "0": 8,
      "1": 6,
      "2": 16,
      "3": 0
    },
    "b": {
      "0": [
        0,
        24
      ],
      "1": [
        2,
        4
      ],
      "2": [
        0,
        0
      ],
      "3": [
        0,
        0
      ]
    },
    "inputSourceMap": {
      "version": 3,
      "sources": [
        "E:/MyProject/RS-React2023Q1/RS-React2023Q1/src/components/Modal.tsx"
      ],
      "names": [
        "styles",
        "Modal",
        "children",
        "onClose",
        "handleBackdropClick",
        "event",
        "currentTarget",
        "target",
        "div",
        "className",
        "modal_overlay",
        "onClick",
        "modal_content"
      ],
      "mappings": ";;;;;;;;;AAEA,OAAOA,YAAY,8BAA8B;AAEjD,SAASC,MAAM,EAAEC,SAAQ,EAAEC,QAAO,EAAS,EAAE;IAC3C,MAAMC,sBAAsB,CAACC,QAAwD;QACnF,IAAIA,MAAMC,aAAa,KAAKD,MAAME,MAAM,EAAE;YACxCJ;QACF,CAAC;IACH;IAEA,qBACE,QAACK;QAAIC,WAAWT,OAAOU,aAAa;QAAEC,SAASP;kBAC7C,cAAA,QAACI;YAAIC,WAAWT,OAAOY,aAAa;sBAAGV;;;;;;;;;;;AAG7C;KAZSD;AAcT,eAAeA,MAAM"
    },
    "_coverageSchema": "1a1c01bbd47fc00a2c39e90264f33305004495a9",
    "hash": "f388a8a4c04d1dd7919bab385cd401976d8ce217"
  },
  "E:/MyProject/RS-React2023Q1/RS-React2023Q1/src/components/MovieDetails.tsx": {
    "path": "E:/MyProject/RS-React2023Q1/RS-React2023Q1/src/components/MovieDetails.tsx",
    "statementMap": {
      "0": {
        "start": {
          "line": 3,
          "column": 0
        },
        "end": {
          "line": 3,
          "column": 104
        }
      },
      "1": {
        "start": {
          "line": 3,
          "column": 26
        },
        "end": {
          "line": 3,
          "column": 104
        }
      },
      "2": {
        "start": {
          "line": 4,
          "column": 23
        },
        "end": {
          "line": 4,
          "column": 42
        }
      },
      "3": {
        "start": {
          "line": 5,
          "column": 23
        },
        "end": {
          "line": 5,
          "column": 42
        }
      },
      "4": {
        "start": {
          "line": 6,
          "column": 0
        },
        "end": {
          "line": 6,
          "column": 129
        }
      },
      "5": {
        "start": {
          "line": 7,
          "column": 0
        },
        "end": {
          "line": 7,
          "column": 73
        }
      },
      "6": {
        "start": {
          "line": 10,
          "column": 9
        },
        "end": {
          "line": 10,
          "column": 23
        }
      },
      "7": {
        "start": {
          "line": 16,
          "column": 4
        },
        "end": {
          "line": 16,
          "column": 9
        }
      },
      "8": {
        "start": {
          "line": 17,
          "column": 34
        },
        "end": {
          "line": 17,
          "column": 63
        }
      },
      "9": {
        "start": {
          "line": 18,
          "column": 4
        },
        "end": {
          "line": 300,
          "column": 21
        }
      },
      "10": {
        "start": {
          "line": 55,
          "column": 36
        },
        "end": {
          "line": 72,
          "column": 37
        }
      },
      "11": {
        "start": {
          "line": 56,
          "column": 40
        },
        "end": {
          "line": 71,
          "column": 49
        }
      },
      "12": {
        "start": {
          "line": 137,
          "column": 61
        },
        "end": {
          "line": 137,
          "column": 85
        }
      },
      "13": {
        "start": {
          "line": 241,
          "column": 70
        },
        "end": {
          "line": 241,
          "column": 101
        }
      },
      "14": {
        "start": {
          "line": 252,
          "column": 74
        },
        "end": {
          "line": 252,
          "column": 97
        }
      },
      "15": {
        "start": {
          "line": 263,
          "column": 74
        },
        "end": {
          "line": 263,
          "column": 97
        }
      },
      "16": {
        "start": {
          "line": 302,
          "column": 0
        },
        "end": {
          "line": 306,
          "column": 3
        }
      },
      "17": {
        "start": {
          "line": 303,
          "column": 4
        },
        "end": {
          "line": 305,
          "column": 6
        }
      },
      "18": {
        "start": {
          "line": 307,
          "column": 0
        },
        "end": {
          "line": 307,
          "column": 18
        }
      },
      "19": {
        "start": {
          "line": 310,
          "column": 0
        },
        "end": {
          "line": 310,
          "column": 33
        }
      },
      "20": {
        "start": {
          "line": 313,
          "column": 0
        },
        "end": {
          "line": 313,
          "column": 37
        }
      },
      "21": {
        "start": {
          "line": 314,
          "column": 0
        },
        "end": {
          "line": 314,
          "column": 37
        }
      },
      "22": {
        "start": {
          "line": 315,
          "column": 0
        },
        "end": {
          "line": 322,
          "column": 3
        }
      },
      "23": {
        "start": {
          "line": 316,
          "column": 2
        },
        "end": {
          "line": 316,
          "column": 142
        }
      },
      "24": {
        "start": {
          "line": 317,
          "column": 2
        },
        "end": {
          "line": 321,
          "column": 5
        }
      },
      "25": {
        "start": {
          "line": 318,
          "column": 4
        },
        "end": {
          "line": 318,
          "column": 29
        }
      },
      "26": {
        "start": {
          "line": 318,
          "column": 22
        },
        "end": {
          "line": 318,
          "column": 29
        }
      },
      "27": {
        "start": {
          "line": 319,
          "column": 30
        },
        "end": {
          "line": 319,
          "column": 113
        }
      },
      "28": {
        "start": {
          "line": 320,
          "column": 4
        },
        "end": {
          "line": 320,
          "column": 73
        }
      },
      "29": {
        "start": {
          "line": 320,
          "column": 27
        },
        "end": {
          "line": 320,
          "column": 73
        }
      }
    },
    "fnMap": {
      "0": {
        "name": "MovieDetails",
        "decl": {
          "start": {
            "line": 15,
            "column": 9
          },
          "end": {
            "line": 15,
            "column": 21
          }
        },
        "loc": {
          "start": {
            "line": 15,
            "column": 46
          },
          "end": {
            "line": 301,
            "column": 1
          }
        },
        "line": 15
      },
      "1": {
        "name": "(anonymous_1)",
        "decl": {
          "start": {
            "line": 54,
            "column": 72
          },
          "end": {
            "line": 54,
            "column": 73
          }
        },
        "loc": {
          "start": {
            "line": 54,
            "column": 84
          },
          "end": {
            "line": 73,
            "column": 33
          }
        },
        "line": 54
      },
      "2": {
        "name": "(anonymous_2)",
        "decl": {
          "start": {
            "line": 137,
            "column": 52
          },
          "end": {
            "line": 137,
            "column": 53
          }
        },
        "loc": {
          "start": {
            "line": 137,
            "column": 61
          },
          "end": {
            "line": 137,
            "column": 85
          }
        },
        "line": 137
      },
      "3": {
        "name": "(anonymous_3)",
        "decl": {
          "start": {
            "line": 241,
            "column": 62
          },
          "end": {
            "line": 241,
            "column": 63
          }
        },
        "loc": {
          "start": {
            "line": 241,
            "column": 70
          },
          "end": {
            "line": 241,
            "column": 101
          }
        },
        "line": 241
      },
      "4": {
        "name": "(anonymous_4)",
        "decl": {
          "start": {
            "line": 252,
            "column": 66
          },
          "end": {
            "line": 252,
            "column": 67
          }
        },
        "loc": {
          "start": {
            "line": 252,
            "column": 74
          },
          "end": {
            "line": 252,
            "column": 97
          }
        },
        "line": 252
      },
      "5": {
        "name": "(anonymous_5)",
        "decl": {
          "start": {
            "line": 263,
            "column": 66
          },
          "end": {
            "line": 263,
            "column": 67
          }
        },
        "loc": {
          "start": {
            "line": 263,
            "column": 74
          },
          "end": {
            "line": 263,
            "column": 97
          }
        },
        "line": 263
      },
      "6": {
        "name": "(anonymous_6)",
        "decl": {
          "start": {
            "line": 302,
            "column": 56
          },
          "end": {
            "line": 302,
            "column": 57
          }
        },
        "loc": {
          "start": {
            "line": 302,
            "column": 67
          },
          "end": {
            "line": 306,
            "column": 1
          }
        },
        "line": 302
      },
      "7": {
        "name": "(anonymous_7)",
        "decl": {
          "start": {
            "line": 315,
            "column": 48
          },
          "end": {
            "line": 315,
            "column": 49
          }
        },
        "loc": {
          "start": {
            "line": 315,
            "column": 68
          },
          "end": {
            "line": 322,
            "column": 1
          }
        },
        "line": 315
      },
      "8": {
        "name": "(anonymous_8)",
        "decl": {
          "start": {
            "line": 317,
            "column": 25
          },
          "end": {
            "line": 317,
            "column": 26
          }
        },
        "loc": {
          "start": {
            "line": 317,
            "column": 42
          },
          "end": {
            "line": 321,
            "column": 3
          }
        },
        "line": 317
      }
    },
    "branchMap": {
      "0": {
        "loc": {
          "start": {
            "line": 3,
            "column": 0
          },
          "end": {
            "line": 3,
            "column": 104
          }
        },
        "type": "if",
        "locations": [
          {
            "start": {
              "line": 3,
              "column": 0
            },
            "end": {
              "line": 3,
              "column": 104
            }
          },
          {
            "start": {},
            "end": {}
          }
        ],
        "line": 3
      },
      "1": {
        "loc": {
          "start": {
            "line": 20,
            "column": 12
          },
          "end": {
            "line": 27,
            "column": 20
          }
        },
        "type": "binary-expr",
        "locations": [
          {
            "start": {
              "line": 20,
              "column": 12
            },
            "end": {
              "line": 20,
              "column": 21
            }
          },
          {
            "start": {
              "line": 20,
              "column": 39
            },
            "end": {
              "line": 27,
              "column": 20
            }
          }
        ],
        "line": 20
      },
      "2": {
        "loc": {
          "start": {
            "line": 28,
            "column": 12
          },
          "end": {
            "line": 298,
            "column": 20
          }
        },
        "type": "binary-expr",
        "locations": [
          {
            "start": {
              "line": 28,
              "column": 12
            },
            "end": {
              "line": 28,
              "column": 16
            }
          },
          {
            "start": {
              "line": 28,
              "column": 34
            },
            "end": {
              "line": 298,
              "column": 20
            }
          }
        ],
        "line": 28
      },
      "3": {
        "loc": {
          "start": {
            "line": 45,
            "column": 37
          },
          "end": {
            "line": 45,
            "column": 125
          }
        },
        "type": "cond-expr",
        "locations": [
          {
            "start": {
              "line": 45,
              "column": 56
            },
            "end": {
              "line": 45,
              "column": 109
            }
          },
          {
            "start": {
              "line": 45,
              "column": 112
            },
            "end": {
              "line": 45,
              "column": 125
            }
          }
        ],
        "line": 45
      },
      "4": {
        "loc": {
          "start": {
            "line": 55,
            "column": 36
          },
          "end": {
            "line": 72,
            "column": 37
          }
        },
        "type": "if",
        "locations": [
          {
            "start": {
              "line": 55,
              "column": 36
            },
            "end": {
              "line": 72,
              "column": 37
            }
          },
          {
            "start": {},
            "end": {}
          }
        ],
        "line": 55
      },
      "5": {
        "loc": {
          "start": {
            "line": 124,
            "column": 28
          },
          "end": {
            "line": 133,
            "column": 36
          }
        },
        "type": "binary-expr",
        "locations": [
          {
            "start": {
              "line": 124,
              "column": 28
            },
            "end": {
              "line": 124,
              "column": 54
            }
          },
          {
            "start": {
              "line": 124,
              "column": 72
            },
            "end": {
              "line": 133,
              "column": 36
            }
          }
        ],
        "line": 124
      },
      "6": {
        "loc": {
          "start": {
            "line": 174,
            "column": 28
          },
          "end": {
            "line": 195,
            "column": 36
          }
        },
        "type": "binary-expr",
        "locations": [
          {
            "start": {
              "line": 174,
              "column": 28
            },
            "end": {
              "line": 174,
              "column": 41
            }
          },
          {
            "start": {
              "line": 174,
              "column": 59
            },
            "end": {
              "line": 195,
              "column": 36
            }
          }
        ],
        "line": 174
      },
      "7": {
        "loc": {
          "start": {
            "line": 318,
            "column": 4
          },
          "end": {
            "line": 318,
            "column": 29
          }
        },
        "type": "if",
        "locations": [
          {
            "start": {
              "line": 318,
              "column": 4
            },
            "end": {
              "line": 318,
              "column": 29
            }
          },
          {
            "start": {},
            "end": {}
          }
        ],
        "line": 318
      },
      "8": {
        "loc": {
          "start": {
            "line": 320,
            "column": 4
          },
          "end": {
            "line": 320,
            "column": 73
          }
        },
        "type": "if",
        "locations": [
          {
            "start": {
              "line": 320,
              "column": 4
            },
            "end": {
              "line": 320,
              "column": 73
            }
          },
          {
            "start": {},
            "end": {}
          }
        ],
        "line": 320
      }
    },
    "s": {
      "0": 24,
      "1": 0,
      "2": 24,
      "3": 24,
      "4": 24,
      "5": 24,
      "6": 24,
      "7": 23,
      "8": 23,
      "9": 23,
      "10": 14,
      "11": 7,
      "12": 28,
      "13": 7,
      "14": 7,
      "15": 14,
      "16": 24,
      "17": 8,
      "18": 24,
      "19": 24,
      "20": 24,
      "21": 24,
      "22": 24,
      "23": 16,
      "24": 16,
      "25": 0,
      "26": 0,
      "27": 0,
      "28": 0,
      "29": 0
    },
    "f": {
      "0": 23,
      "1": 14,
      "2": 28,
      "3": 7,
      "4": 7,
      "5": 14,
      "6": 8,
      "7": 16,
      "8": 0
    },
    "b": {
      "0": [
        0,
        24
      ],
      "1": [
        23,
        16
      ],
      "2": [
        23,
        7
      ],
      "3": [
        7,
        0
      ],
      "4": [
        7,
        7
      ],
      "5": [
        7,
        0
      ],
      "6": [
        7,
        7
      ],
      "7": [
        0,
        0
      ],
      "8": [
        0,
        0
      ]
    },
    "inputSourceMap": {
      "version": 3,
      "sources": [
        "E:/MyProject/RS-React2023Q1/RS-React2023Q1/src/components/MovieDetails.tsx"
      ],
      "names": [
        "useGetMovieByIDQuery",
        "styles",
        "ImageNotFound",
        "ImageLoading",
        "MovieDetails",
        "movieID",
        "onClose",
        "data",
        "isLoading",
        "img",
        "src",
        "alt",
        "div",
        "className",
        "movie",
        "button",
        "close_button",
        "type",
        "onClick",
        "poster_path",
        "title",
        "ul",
        "logo_path",
        "production_companies",
        "map",
        "companie",
        "li",
        "logo_path_list",
        "name",
        "logo_path_img",
        "id",
        "movie_info",
        "h2",
        "movie_title",
        "h3",
        "movie_tagline",
        "tagline",
        "status",
        "release_date",
        "belongs_to_collection",
        "genres",
        "genre",
        "vote_average",
        "vote_count",
        "popularity",
        "homepage",
        "a",
        "style",
        "textDecoration",
        "target",
        "href",
        "rel",
        "original_language",
        "runtime",
        "budget",
        "revenue",
        "spoken_languages",
        "lang",
        "english_name",
        "production_countries",
        "movie_overview",
        "overview"
      ],
      "mappings": ";;;;;;;;;;AAAA,SAASA,oBAAoB,QAAQ,wBAAwB;AAI7D,OAAOC,YAAY,qCAAqC;AACxD,OAAOC,mBAAmB,0CAA0C;AACpE,OAAOC,kBAAkB,iDAAiD;AAE1E,SAASC,aAAa,EAAEC,QAAO,EAAEC,QAAO,EAAkB,EAAE;;IAC1D,MAAM,EAAEC,KAAI,EAAEC,UAAS,EAAE,GAAGR,qBAAqBK;IAEjD,qBACE;;YACGG,2BAAa,QAACC;gBAAIC,KAAKP;gBAAcQ,KAAI;;;;;;YACzCJ,sBACC,QAACK;gBAAIC,WAAWZ,OAAOa,KAAK;;kCAC1B,QAACC;wBAAOF,WAAWZ,OAAOe,YAAY;wBAAEC,MAAK;wBAASC,SAASZ;kCAAS;;;;;;kCAGxE,QAACM;;0CACC,QAACH;gCACCI,WAAWZ,OAAOkB,WAAW;gCAC7BT,KACEH,KAAKY,WAAW,GACZ,CAAC,gCAAgC,EAAEZ,KAAKY,WAAW,CAAC,CAAC,GACrDjB,aAAa;gCAEnBS,KAAK,CAAC,EAAEJ,KAAKa,KAAK,CAAC,CAAC;;;;;;0CAEtB,QAACC;gCAAGR,WAAWZ,OAAOqB,SAAS;0CAC5Bf,KAAKgB,oBAAoB,CAACC,GAAG,CAAC,CAACC,WAAa;oCAC3C,IAAIA,SAASH,SAAS,EAAE;wCACtB,qBACE,QAACI;4CAAqBb,WAAWZ,OAAO0B,cAAc;sDACpD,cAAA,QAAClB;gDACCC,KAAK,CAAC,gCAAgC,EAAEe,SAASH,SAAS,CAAC,CAAC;gDAC5DX,KAAK,CAAC,EAAEc,SAASG,IAAI,CAAC,CAAC;gDACvBf,WAAWZ,OAAO4B,aAAa;;;;;;2CAJ1BJ,SAASK,EAAE;;;;;oCAQxB,CAAC;gCACH;;;;;;;;;;;;kCAGJ,QAAClB;wBAAIC,WAAWZ,OAAO8B,UAAU;;0CAC/B,QAACC;gCAAGnB,WAAWZ,OAAOgC,WAAW;0CAAG1B,KAAKa,KAAK;;;;;;0CAC9C,QAACc;gCAAGrB,WAAWZ,OAAOkC,aAAa;0CAAG5B,KAAK6B,OAAO;;;;;;0CAClD,QAACxB;;oCAAI;oCAASL,KAAK8B,MAAM;;;;;;;0CACzB,QAACzB;;oCAAI;oCAAeL,KAAK+B,YAAY;;;;;;;4BACpC/B,KAAKgC,qBAAqB,kBACzB,QAAC3B;;oCAAI;oCAAcL,KAAKgC,qBAAqB,CAACX,IAAI;;;;;;;0CAEpD,QAAChB;;oCAAI;oCAASL,KAAKiC,MAAM,CAAChB,GAAG,CAAC,CAACiB,QAAU,OAAOA,MAAMb,IAAI,GAAG;;;;;;;0CAC7D,QAAChB;;oCAAI;oCAAeL,KAAKmC,YAAY;;;;;;;0CACrC,QAAC9B;;oCAAI;oCAAaL,KAAKoC,UAAU;;;;;;;0CACjC,QAAC/B;;oCAAI;oCAAaL,KAAKqC,UAAU;;;;;;;4BAChCrC,KAAKsC,QAAQ,kBACZ,QAACjC;;oCAAI;kDAEH,QAACkC;wCACCC,OAAO;4CAAEC,gBAAgB;wCAAO;wCAChCC,QAAO;wCACPC,MAAM3C,KAAKsC,QAAQ;wCACnBM,KAAI;kDAEH5C,KAAKsC,QAAQ;;;;;;;;;;;;0CAIpB,QAACjC;;oCAAI;oCAAoBL,KAAK6C,iBAAiB;;;;;;;0CAC/C,QAACxC;;oCAAI;oCAAUL,KAAK8C,OAAO;oCAAC;;;;;;;0CAC5B,QAACzC;;oCAAI;oCAAUL,KAAK+C,MAAM;;;;;;;0CAC1B,QAAC1C;;oCAAI;oCAAWL,KAAKgD,OAAO;;;;;;;0CAC5B,QAAC3C;;oCAAI;oCACe;oCACjBL,KAAKiD,gBAAgB,CAAChC,GAAG,CAAC,CAACiC,OAAS,OAAOA,KAAKC,YAAY,GAAG;;;;;;;0CAElE,QAAC9C;;oCAAI;oCACmB;oCACrBL,KAAKoD,oBAAoB,CAACnC,GAAG,CAAC,CAACiC,OAAS,OAAOA,KAAK7B,IAAI,GAAG;;;;;;;0CAE9D,QAAChB;;oCAAI;oCACmB;oCACrBL,KAAKgB,oBAAoB,CAACC,GAAG,CAAC,CAACiC,OAAS,OAAOA,KAAK7B,IAAI,GAAG;;;;;;;0CAE9D,QAAChB;gCAAIC,WAAWZ,OAAO2D,cAAc;;kDACnC,QAAC1B;kDAAG;;;;;;oCACH3B,KAAKsD,QAAQ;;;;;;;;;;;;;;;;;;;;;AAO5B;GAvFSzD;;QACqBJ;;;KADrBI;AAyFT,eAAeA,aAAa"
    },
    "_coverageSchema": "1a1c01bbd47fc00a2c39e90264f33305004495a9",
    "hash": "62370a2c7f02a68900c942899ce64ba8b03dde7a"
  },
  "E:/MyProject/RS-React2023Q1/RS-React2023Q1/src/components/LoadingCards.tsx": {
    "path": "E:/MyProject/RS-React2023Q1/RS-React2023Q1/src/components/LoadingCards.tsx",
    "statementMap": {
      "0": {
        "start": {
          "line": 3,
          "column": 0
        },
        "end": {
          "line": 3,
          "column": 104
        }
      },
      "1": {
        "start": {
          "line": 3,
          "column": 26
        },
        "end": {
          "line": 3,
          "column": 104
        }
      },
      "2": {
        "start": {
          "line": 4,
          "column": 23
        },
        "end": {
          "line": 4,
          "column": 42
        }
      },
      "3": {
        "start": {
          "line": 5,
          "column": 23
        },
        "end": {
          "line": 5,
          "column": 42
        }
      },
      "4": {
        "start": {
          "line": 6,
          "column": 0
        },
        "end": {
          "line": 6,
          "column": 129
        }
      },
      "5": {
        "start": {
          "line": 7,
          "column": 0
        },
        "end": {
          "line": 7,
          "column": 73
        }
      },
      "6": {
        "start": {
          "line": 14,
          "column": 4
        },
        "end": {
          "line": 69,
          "column": 13
        }
      },
      "7": {
        "start": {
          "line": 16,
          "column": 58
        },
        "end": {
          "line": 64,
          "column": 20
        }
      },
      "8": {
        "start": {
          "line": 71,
          "column": 0
        },
        "end": {
          "line": 71,
          "column": 18
        }
      },
      "9": {
        "start": {
          "line": 74,
          "column": 0
        },
        "end": {
          "line": 74,
          "column": 33
        }
      },
      "10": {
        "start": {
          "line": 77,
          "column": 0
        },
        "end": {
          "line": 77,
          "column": 37
        }
      },
      "11": {
        "start": {
          "line": 78,
          "column": 0
        },
        "end": {
          "line": 78,
          "column": 37
        }
      },
      "12": {
        "start": {
          "line": 79,
          "column": 0
        },
        "end": {
          "line": 86,
          "column": 3
        }
      },
      "13": {
        "start": {
          "line": 80,
          "column": 2
        },
        "end": {
          "line": 80,
          "column": 142
        }
      },
      "14": {
        "start": {
          "line": 81,
          "column": 2
        },
        "end": {
          "line": 85,
          "column": 5
        }
      },
      "15": {
        "start": {
          "line": 82,
          "column": 4
        },
        "end": {
          "line": 82,
          "column": 29
        }
      },
      "16": {
        "start": {
          "line": 82,
          "column": 22
        },
        "end": {
          "line": 82,
          "column": 29
        }
      },
      "17": {
        "start": {
          "line": 83,
          "column": 30
        },
        "end": {
          "line": 83,
          "column": 113
        }
      },
      "18": {
        "start": {
          "line": 84,
          "column": 4
        },
        "end": {
          "line": 84,
          "column": 73
        }
      },
      "19": {
        "start": {
          "line": 84,
          "column": 27
        },
        "end": {
          "line": 84,
          "column": 73
        }
      }
    },
    "fnMap": {
      "0": {
        "name": "LoadingCards",
        "decl": {
          "start": {
            "line": 13,
            "column": 9
          },
          "end": {
            "line": 13,
            "column": 21
          }
        },
        "loc": {
          "start": {
            "line": 13,
            "column": 24
          },
          "end": {
            "line": 70,
            "column": 1
          }
        },
        "line": 13
      },
      "1": {
        "name": "(anonymous_1)",
        "decl": {
          "start": {
            "line": 16,
            "column": 40
          },
          "end": {
            "line": 16,
            "column": 41
          }
        },
        "loc": {
          "start": {
            "line": 16,
            "column": 58
          },
          "end": {
            "line": 64,
            "column": 20
          }
        },
        "line": 16
      },
      "2": {
        "name": "(anonymous_2)",
        "decl": {
          "start": {
            "line": 79,
            "column": 48
          },
          "end": {
            "line": 79,
            "column": 49
          }
        },
        "loc": {
          "start": {
            "line": 79,
            "column": 68
          },
          "end": {
            "line": 86,
            "column": 1
          }
        },
        "line": 79
      },
      "3": {
        "name": "(anonymous_3)",
        "decl": {
          "start": {
            "line": 81,
            "column": 25
          },
          "end": {
            "line": 81,
            "column": 26
          }
        },
        "loc": {
          "start": {
            "line": 81,
            "column": 42
          },
          "end": {
            "line": 85,
            "column": 3
          }
        },
        "line": 81
      }
    },
    "branchMap": {
      "0": {
        "loc": {
          "start": {
            "line": 3,
            "column": 0
          },
          "end": {
            "line": 3,
            "column": 104
          }
        },
        "type": "if",
        "locations": [
          {
            "start": {
              "line": 3,
              "column": 0
            },
            "end": {
              "line": 3,
              "column": 104
            }
          },
          {
            "start": {},
            "end": {}
          }
        ],
        "line": 3
      },
      "1": {
        "loc": {
          "start": {
            "line": 82,
            "column": 4
          },
          "end": {
            "line": 82,
            "column": 29
          }
        },
        "type": "if",
        "locations": [
          {
            "start": {
              "line": 82,
              "column": 4
            },
            "end": {
              "line": 82,
              "column": 29
            }
          },
          {
            "start": {},
            "end": {}
          }
        ],
        "line": 82
      },
      "2": {
        "loc": {
          "start": {
            "line": 84,
            "column": 4
          },
          "end": {
            "line": 84,
            "column": 73
          }
        },
        "type": "if",
        "locations": [
          {
            "start": {
              "line": 84,
              "column": 4
            },
            "end": {
              "line": 84,
              "column": 73
            }
          },
          {
            "start": {},
            "end": {}
          }
        ],
        "line": 84
      }
    },
    "s": {
      "0": 24,
      "1": 0,
      "2": 24,
      "3": 24,
      "4": 24,
      "5": 24,
      "6": 0,
      "7": 0,
      "8": 24,
      "9": 24,
      "10": 24,
      "11": 24,
      "12": 24,
      "13": 16,
      "14": 16,
      "15": 0,
      "16": 0,
      "17": 0,
      "18": 0,
      "19": 0
    },
    "f": {
      "0": 0,
      "1": 0,
      "2": 16,
      "3": 0
    },
    "b": {
      "0": [
        0,
        24
      ],
      "1": [
        0,
        0
      ],
      "2": [
        0,
        0
      ]
    },
    "inputSourceMap": {
      "version": 3,
      "sources": [
        "E:/MyProject/RS-React2023Q1/RS-React2023Q1/src/components/LoadingCards.tsx"
      ],
      "names": [
        "nanoid",
        "styles",
        "ImageLoading",
        "LoadingCards",
        "ul",
        "className",
        "cards",
        "Array",
        "fill",
        "map",
        "li",
        "cards_item",
        "img",
        "src",
        "alt",
        "card_image",
        "h2",
        "card_title",
        "div",
        "card_date",
        "card_circle",
        "span",
        "card_average"
      ],
      "mappings": ";;;;;;;;;AAAA,SAASA,MAAM,QAAQ,SAAS;AAEhC,OAAOC,YAAY,8BAA8B;AACjD,OAAOC,kBAAkB,iDAAiD;AAE1E,SAASC,eAAe;IACtB,qBACE,QAACC;QAAGC,WAAWJ,OAAOK,KAAK;kBACxBC,MAAM,IACJC,IAAI,CAAC,GACLC,GAAG,CAAC,kBACH,QAACC;gBAAkBL,WAAWJ,OAAOU,UAAU;;kCAC7C,QAACC;wBAAIC,KAAKX;wBAAcY,KAAI;wBAAeT,WAAWJ,OAAOc,UAAU;;;;;;kCACvE,QAACC;wBAAGX,WAAWJ,OAAOgB,UAAU;kCAAE;;;;;;kCAClC,QAACC;wBAAIb,WAAWJ,OAAOkB,SAAS;kCAAE;;;;;;kCAClC,QAACD;wBAAIb,WAAWJ,OAAOmB,WAAW;kCAChC,cAAA,QAACC;4BAAKhB,WAAWJ,OAAOqB,YAAY;sCAAE;;;;;;;;;;;;eALjCtB;;;;;;;;;;AAWnB;KAjBSG;AAmBT,eAAeA,aAAa"
    },
    "_coverageSchema": "1a1c01bbd47fc00a2c39e90264f33305004495a9",
    "hash": "efd493d1734a52b7767e07d17a5ee65ff659712b"
  },
  "E:/MyProject/RS-React2023Q1/RS-React2023Q1/src/types/index.ts": {
    "path": "E:/MyProject/RS-React2023Q1/RS-React2023Q1/src/types/index.ts",
    "statementMap": {
      "0": {
        "start": {
          "line": 2,
          "column": 0
        },
        "end": {
          "line": 7,
          "column": 28
        }
      },
      "1": {
        "start": {
          "line": 3,
          "column": 4
        },
        "end": {
          "line": 3,
          "column": 28
        }
      },
      "2": {
        "start": {
          "line": 4,
          "column": 4
        },
        "end": {
          "line": 4,
          "column": 34
        }
      },
      "3": {
        "start": {
          "line": 5,
          "column": 4
        },
        "end": {
          "line": 5,
          "column": 36
        }
      },
      "4": {
        "start": {
          "line": 6,
          "column": 4
        },
        "end": {
          "line": 6,
          "column": 36
        }
      }
    },
    "fnMap": {
      "0": {
        "name": "(anonymous_0)",
        "decl": {
          "start": {
            "line": 2,
            "column": 1
          },
          "end": {
            "line": 2,
            "column": 2
          }
        },
        "loc": {
          "start": {
            "line": 2,
            "column": 18
          },
          "end": {
            "line": 7,
            "column": 1
          }
        },
        "line": 2
      }
    },
    "branchMap": {
      "0": {
        "loc": {
          "start": {
            "line": 7,
            "column": 3
          },
          "end": {
            "line": 7,
            "column": 26
          }
        },
        "type": "binary-expr",
        "locations": [
          {
            "start": {
              "line": 7,
              "column": 3
            },
            "end": {
              "line": 7,
              "column": 9
            }
          },
          {
            "start": {
              "line": 7,
              "column": 14
            },
            "end": {
              "line": 7,
              "column": 25
            }
          }
        ],
        "line": 7
      }
    },
    "s": {
      "0": 24,
      "1": 24,
      "2": 24,
      "3": 24,
      "4": 24
    },
    "f": {
      "0": 24
    },
    "b": {
      "0": [
        24,
        24
      ]
    },
    "inputSourceMap": {
      "version": 3,
      "sources": [
        "E:/MyProject/RS-React2023Q1/RS-React2023Q1/src/types/index.ts"
      ],
      "names": [
        "Status",
        "IDLE",
        "PENDING",
        "RESOLVED",
        "REJECTED"
      ],
      "mappings": "WAqGO;UAAKA,MAAM;IAANA,OACVC,UAAO;IADGD,OAEVE,aAAU;IAFAF,OAGVG,cAAW;IAHDH,OAIVI,cAAW;GAJDJ,WAAAA"
    },
    "_coverageSchema": "1a1c01bbd47fc00a2c39e90264f33305004495a9",
    "hash": "435dfba95dc2158ba9c4a31df5a6e5cb357915c1"
  },
  "E:/MyProject/RS-React2023Q1/RS-React2023Q1/src/components/Movie.tsx": {
    "path": "E:/MyProject/RS-React2023Q1/RS-React2023Q1/src/components/Movie.tsx",
    "statementMap": {
      "0": {
        "start": {
          "line": 3,
          "column": 0
        },
        "end": {
          "line": 3,
          "column": 104
        }
      },
      "1": {
        "start": {
          "line": 3,
          "column": 26
        },
        "end": {
          "line": 3,
          "column": 104
        }
      },
      "2": {
        "start": {
          "line": 4,
          "column": 23
        },
        "end": {
          "line": 4,
          "column": 42
        }
      },
      "3": {
        "start": {
          "line": 5,
          "column": 23
        },
        "end": {
          "line": 5,
          "column": 42
        }
      },
      "4": {
        "start": {
          "line": 6,
          "column": 0
        },
        "end": {
          "line": 6,
          "column": 122
        }
      },
      "5": {
        "start": {
          "line": 7,
          "column": 0
        },
        "end": {
          "line": 7,
          "column": 73
        }
      },
      "6": {
        "start": {
          "line": 10,
          "column": 9
        },
        "end": {
          "line": 10,
          "column": 23
        }
      },
      "7": {
        "start": {
          "line": 20,
          "column": 4
        },
        "end": {
          "line": 20,
          "column": 9
        }
      },
      "8": {
        "start": {
          "line": 21,
          "column": 38
        },
        "end": {
          "line": 21,
          "column": 53
        }
      },
      "9": {
        "start": {
          "line": 22,
          "column": 34
        },
        "end": {
          "line": 22,
          "column": 45
        }
      },
      "10": {
        "start": {
          "line": 23,
          "column": 32
        },
        "end": {
          "line": 23,
          "column": 53
        }
      },
      "11": {
        "start": {
          "line": 24,
          "column": 26
        },
        "end": {
          "line": 24,
          "column": 70
        }
      },
      "12": {
        "start": {
          "line": 24,
          "column": 50
        },
        "end": {
          "line": 24,
          "column": 69
        }
      },
      "13": {
        "start": {
          "line": 25,
          "column": 24
        },
        "end": {
          "line": 25,
          "column": 47
        }
      },
      "14": {
        "start": {
          "line": 26,
          "column": 27
        },
        "end": {
          "line": 26,
          "column": 64
        }
      },
      "15": {
        "start": {
          "line": 27,
          "column": 22
        },
        "end": {
          "line": 27,
          "column": 47
        }
      },
      "16": {
        "start": {
          "line": 28,
          "column": 24
        },
        "end": {
          "line": 28,
          "column": 52
        }
      },
      "17": {
        "start": {
          "line": 29,
          "column": 32
        },
        "end": {
          "line": 29,
          "column": 44
        }
      },
      "18": {
        "start": {
          "line": 30,
          "column": 4
        },
        "end": {
          "line": 53,
          "column": 7
        }
      },
      "19": {
        "start": {
          "line": 31,
          "column": 8
        },
        "end": {
          "line": 31,
          "column": 34
        }
      },
      "20": {
        "start": {
          "line": 32,
          "column": 8
        },
        "end": {
          "line": 38,
          "column": 9
        }
      },
      "21": {
        "start": {
          "line": 33,
          "column": 41
        },
        "end": {
          "line": 33,
          "column": 79
        }
      },
      "22": {
        "start": {
          "line": 34,
          "column": 44
        },
        "end": {
          "line": 34,
          "column": 85
        }
      },
      "23": {
        "start": {
          "line": 35,
          "column": 26
        },
        "end": {
          "line": 35,
          "column": 73
        }
      },
      "24": {
        "start": {
          "line": 36,
          "column": 12
        },
        "end": {
          "line": 36,
          "column": 32
        }
      },
      "25": {
        "start": {
          "line": 37,
          "column": 12
        },
        "end": {
          "line": 37,
          "column": 39
        }
      },
      "26": {
        "start": {
          "line": 39,
          "column": 8
        },
        "end": {
          "line": 43,
          "column": 9
        }
      },
      "27": {
        "start": {
          "line": 40,
          "column": 12
        },
        "end": {
          "line": 40,
          "column": 33
        }
      },
      "28": {
        "start": {
          "line": 41,
          "column": 12
        },
        "end": {
          "line": 41,
          "column": 39
        }
      },
      "29": {
        "start": {
          "line": 42,
          "column": 12
        },
        "end": {
          "line": 42,
          "column": 19
        }
      },
      "30": {
        "start": {
          "line": 44,
          "column": 8
        },
        "end": {
          "line": 44,
          "column": 31
        }
      },
      "31": {
        "start": {
          "line": 45,
          "column": 8
        },
        "end": {
          "line": 45,
          "column": 35
        }
      },
      "32": {
        "start": {
          "line": 54,
          "column": 23
        },
        "end": {
          "line": 56,
          "column": 5
        }
      },
      "33": {
        "start": {
          "line": 55,
          "column": 8
        },
        "end": {
          "line": 55,
          "column": 28
        }
      },
      "34": {
        "start": {
          "line": 57,
          "column": 22
        },
        "end": {
          "line": 60,
          "column": 5
        }
      },
      "35": {
        "start": {
          "line": 58,
          "column": 8
        },
        "end": {
          "line": 58,
          "column": 27
        }
      },
      "36": {
        "start": {
          "line": 59,
          "column": 8
        },
        "end": {
          "line": 59,
[...]
          "line": 54,
          "column": 27
        },
        "end": {
          "line": 54,
          "column": 73
        }
      }
    },
    "fnMap": {
      "0": {
        "name": "Layout",
        "decl": {
          "start": {
            "line": 14,
            "column": 9
          },
          "end": {
            "line": 14,
            "column": 15
          }
        },
        "loc": {
          "start": {
            "line": 14,
            "column": 18
          },
          "end": {
            "line": 40,
            "column": 1
          }
        },
        "line": 14
      },
      "1": {
        "name": "(anonymous_1)",
        "decl": {
          "start": {
            "line": 49,
            "column": 48
          },
          "end": {
            "line": 49,
            "column": 49
          }
        },
        "loc": {
          "start": {
            "line": 49,
            "column": 68
          },
          "end": {
            "line": 56,
            "column": 1
          }
        },
        "line": 49
      },
      "2": {
        "name": "(anonymous_2)",
        "decl": {
          "start": {
            "line": 51,
            "column": 25
          },
          "end": {
            "line": 51,
            "column": 26
          }
        },
        "loc": {
          "start": {
            "line": 51,
            "column": 42
          },
          "end": {
            "line": 55,
            "column": 3
          }
        },
        "line": 51
      }
    },
    "branchMap": {
      "0": {
        "loc": {
          "start": {
            "line": 3,
            "column": 0
          },
          "end": {
            "line": 3,
            "column": 104
          }
        },
        "type": "if",
        "locations": [
          {
            "start": {
              "line": 3,
              "column": 0
            },
            "end": {
              "line": 3,
              "column": 104
            }
          },
          {
            "start": {},
            "end": {}
          }
        ],
        "line": 3
      },
      "1": {
        "loc": {
          "start": {
            "line": 52,
            "column": 4
          },
          "end": {
            "line": 52,
            "column": 29
          }
        },
        "type": "if",
        "locations": [
          {
            "start": {
              "line": 52,
              "column": 4
            },
            "end": {
              "line": 52,
              "column": 29
            }
          },
          {
            "start": {},
            "end": {}
          }
        ],
        "line": 52
      },
      "2": {
        "loc": {
          "start": {
            "line": 54,
            "column": 4
          },
          "end": {
            "line": 54,
            "column": 73
          }
        },
        "type": "if",
        "locations": [
          {
            "start": {
              "line": 54,
              "column": 4
            },
            "end": {
              "line": 54,
              "column": 73
            }
          },
          {
            "start": {},
            "end": {}
          }
        ],
        "line": 54
      }
    },
    "s": {
      "0": 24,
      "1": 0,
      "2": 24,
      "3": 24,
      "4": 24,
      "5": 24,
      "6": 24,
      "7": 24,
      "8": 24,
      "9": 24,
      "10": 24,
      "11": 24,
      "12": 16,
      "13": 16,
      "14": 0,
      "15": 0,
      "16": 0,
      "17": 0,
      "18": 0
    },
    "f": {
      "0": 24,
      "1": 16,
      "2": 0
    },
    "b": {
      "0": [
        0,
        24
      ],
      "1": [
        0,
        0
      ],
      "2": [
        0,
        0
      ]
    },
    "inputSourceMap": {
      "version": 3,
      "sources": [
        "E:/MyProject/RS-React2023Q1/RS-React2023Q1/src/components/Layout.tsx"
      ],
      "names": [
        "Outlet",
        "Navigation",
        "Container",
        "styles",
        "Layout",
        "header",
        "className"
      ],
      "mappings": ";;;;;;;;;AAAA,SAASA,MAAM,QAAQ,mBAAmB;AAE1C,OAAOC,gBAAgB,eAAe;AACtC,OAAOC,eAAe,cAAc;AAEpC,OAAOC,YAAY,+BAA+B;AAElD,SAASC,SAAS;IAChB,qBACE,QAACF;;0BACC,QAACG;gBAAOC,WAAWH,OAAOE,MAAM;0BAC9B,cAAA,QAACJ;;;;;;;;;;0BAEH,QAACD;;;;;;;;;;;AAGP;KATSI;AAWT,eAAeA,OAAO"
    },
    "_coverageSchema": "1a1c01bbd47fc00a2c39e90264f33305004495a9",
    "hash": "9a418f21c93199a383738d1db66767fdbf0aaaf6"
  },
  "E:/MyProject/RS-React2023Q1/RS-React2023Q1/src/App.tsx": {
    "path": "E:/MyProject/RS-React2023Q1/RS-React2023Q1/src/App.tsx",
    "statementMap": {
      "0": {
        "start": {
          "line": 3,
          "column": 0
        },
        "end": {
          "line": 3,
          "column": 104
        }
      },
      "1": {
        "start": {
          "line": 3,
          "column": 26
        },
        "end": {
          "line": 3,
          "column": 104
        }
      },
      "2": {
        "start": {
          "line": 4,
          "column": 23
        },
        "end": {
          "line": 4,
          "column": 42
        }
      },
      "3": {
        "start": {
          "line": 5,
          "column": 23
        },
        "end": {
          "line": 5,
          "column": 42
        }
      },
      "4": {
        "start": {
          "line": 6,
          "column": 0
        },
        "end": {
          "line": 6,
          "column": 109
        }
      },
      "5": {
        "start": {
          "line": 7,
          "column": 0
        },
        "end": {
          "line": 7,
          "column": 73
        }
      },
      "6": {
        "start": {
          "line": 17,
          "column": 4
        },
        "end": {
          "line": 64,
          "column": 13
        }
      },
      "7": {
        "start": {
          "line": 66,
          "column": 0
        },
        "end": {
          "line": 66,
          "column": 9
        }
      },
      "8": {
        "start": {
          "line": 69,
          "column": 0
        },
        "end": {
          "line": 69,
          "column": 24
        }
      },
      "9": {
        "start": {
          "line": 72,
          "column": 0
        },
        "end": {
          "line": 72,
          "column": 37
        }
      },
      "10": {
        "start": {
          "line": 73,
          "column": 0
        },
        "end": {
          "line": 73,
          "column": 37
        }
      },
      "11": {
        "start": {
          "line": 74,
          "column": 0
        },
        "end": {
          "line": 81,
          "column": 3
        }
      },
      "12": {
        "start": {
          "line": 75,
          "column": 2
        },
        "end": {
          "line": 75,
          "column": 122
        }
      },
      "13": {
        "start": {
          "line": 76,
          "column": 2
        },
        "end": {
          "line": 80,
          "column": 5
        }
      },
      "14": {
        "start": {
          "line": 77,
          "column": 4
        },
        "end": {
          "line": 77,
          "column": 29
        }
      },
      "15": {
        "start": {
          "line": 77,
          "column": 22
        },
        "end": {
          "line": 77,
          "column": 29
        }
      },
      "16": {
        "start": {
          "line": 78,
          "column": 30
        },
        "end": {
          "line": 78,
          "column": 113
        }
      },
      "17": {
        "start": {
          "line": 79,
          "column": 4
        },
        "end": {
          "line": 79,
          "column": 73
        }
      },
      "18": {
        "start": {
          "line": 79,
          "column": 27
        },
        "end": {
          "line": 79,
          "column": 73
        }
      }
    },
    "fnMap": {
      "0": {
        "name": "App",
        "decl": {
          "start": {
            "line": 16,
            "column": 9
          },
          "end": {
            "line": 16,
            "column": 12
          }
        },
        "loc": {
          "start": {
            "line": 16,
            "column": 15
          },
          "end": {
            "line": 65,
            "column": 1
          }
        },
        "line": 16
      },
      "1": {
        "name": "(anonymous_1)",
        "decl": {
          "start": {
            "line": 74,
            "column": 48
          },
          "end": {
            "line": 74,
            "column": 49
          }
        },
        "loc": {
          "start": {
            "line": 74,
            "column": 68
          },
          "end": {
            "line": 81,
            "column": 1
          }
        },
        "line": 74
      },
      "2": {
        "name": "(anonymous_2)",
        "decl": {
          "start": {
            "line": 76,
            "column": 25
          },
          "end": {
            "line": 76,
            "column": 26
          }
        },
        "loc": {
          "start": {
            "line": 76,
            "column": 42
          },
          "end": {
            "line": 80,
            "column": 3
          }
        },
        "line": 76
      }
    },
    "branchMap": {
      "0": {
        "loc": {
          "start": {
            "line": 3,
            "column": 0
          },
          "end": {
            "line": 3,
            "column": 104
          }
        },
        "type": "if",
        "locations": [
          {
            "start": {
              "line": 3,
              "column": 0
            },
            "end": {
              "line": 3,
              "column": 104
            }
          },
          {
            "start": {},
            "end": {}
          }
        ],
        "line": 3
      },
      "1": {
        "loc": {
          "start": {
            "line": 77,
            "column": 4
          },
          "end": {
            "line": 77,
            "column": 29
          }
        },
        "type": "if",
        "locations": [
          {
            "start": {
              "line": 77,
              "column": 4
            },
            "end": {
              "line": 77,
              "column": 29
            }
          },
          {
            "start": {},
            "end": {}
          }
        ],
        "line": 77
      },
      "2": {
        "loc": {
          "start": {
            "line": 79,
            "column": 4
          },
          "end": {
            "line": 79,
            "column": 73
          }
        },
        "type": "if",
        "locations": [
          {
            "start": {
              "line": 79,
              "column": 4
            },
            "end": {
              "line": 79,
              "column": 73
            }
          },
          {
            "start": {},
            "end": {}
          }
        ],
        "line": 79
      }
    },
    "s": {
      "0": 24,
      "1": 0,
      "2": 24,
      "3": 24,
      "4": 24,
      "5": 24,
      "6": 24,
      "7": 24,
      "8": 24,
      "9": 24,
      "10": 24,
      "11": 24,
      "12": 16,
      "13": 16,
      "14": 0,
      "15": 0,
      "16": 0,
      "17": 0,
      "18": 0
    },
    "f": {
      "0": 24,
      "1": 16,
      "2": 0
    },
    "b": {
      "0": [
        0,
        24
      ],
      "1": [
        0,
        0
      ],
      "2": [
        0,
        0
      ]
    },
    "inputSourceMap": {
      "version": 3,
      "sources": [
        "E:/MyProject/RS-React2023Q1/RS-React2023Q1/src/App.tsx"
      ],
      "names": [
        "Routes",
        "Route",
        "HomePage",
        "AboutUsPage",
        "NotFoundPage",
        "FormsPage",
        "Layout",
        "App",
        "path",
        "element",
        "index"
      ],
      "mappings": ";;;;;;;;;AAAA,SAASA,MAAM,EAAEC,KAAK,QAAQ,mBAAmB;AAEjD,OAAOC,cAAc,mBAAmB;AACxC,OAAOC,iBAAiB,sBAAsB;AAC9C,OAAOC,kBAAkB,uBAAuB;AAChD,OAAOC,eAAe,oBAAoB;AAC1C,OAAOC,YAAY,sBAAsB;AAEzC,SAASC,MAAM;IACb,qBACE,QAACP;kBACC,cAAA,QAACC;YAAMO,MAAK;YAAIC,uBAAS,QAACH;;8BACxB,QAACL;oBAAMS,KAAK;oBAACD,uBAAS,QAACP;;;;;;8BACvB,QAACD;oBAAMO,MAAK;oBAAQC,uBAAS,QAACN;;;;;;8BAC9B,QAACF;oBAAMO,MAAK;oBAAOC,uBAAS,QAACJ;;;;;;8BAC7B,QAACJ;oBAAMO,MAAK;oBAAIC,uBAAS,QAACL;;;;;;;;;;;;;;;;;AAIlC;KAXSG;AAaT,eAAeA,IAAI"
    },
    "_coverageSchema": "1a1c01bbd47fc00a2c39e90264f33305004495a9",
    "hash": "0c29494cbfc0a5b7a996232a682dbfde3f3df109"
  },
  "E:/MyProject/RS-React2023Q1/RS-React2023Q1/src/RTK/store.ts": {
    "path": "E:/MyProject/RS-React2023Q1/RS-React2023Q1/src/RTK/store.ts",
    "statementMap": {
      "0": {
        "start": {
          "line": 5,
          "column": 21
        },
        "end": {
          "line": 12,
          "column": 2
        }
      },
      "1": {
        "start": {
          "line": 11,
          "column": 40
        },
        "end": {
          "line": 11,
          "column": 90
        }
      }
    },
    "fnMap": {
      "0": {
        "name": "(anonymous_0)",
        "decl": {
          "start": {
            "line": 11,
            "column": 16
          },
          "end": {
            "line": 11,
            "column": 17
          }
        },
        "loc": {
          "start": {
            "line": 11,
            "column": 40
          },
          "end": {
            "line": 11,
            "column": 90
          }
        },
        "line": 11
      }
    },
    "branchMap": {},
    "s": {
      "0": 24,
      "1": 24
    },
    "f": {
      "0": 24
    },
    "b": {},
    "inputSourceMap": {
      "version": 3,
      "sources": [
        "E:/MyProject/RS-React2023Q1/RS-React2023Q1/src/RTK/store.ts"
      ],
      "names": [
        "configureStore",
        "cardsReducer",
        "searchReducer",
        "MovieApi",
        "store",
        "reducer",
        "form",
        "search",
        "reducerPath",
        "middleware",
        "getDefaultMiddleware",
        "concat"
      ],
      "mappings": "AAAA,SAASA,cAAc,QAAQ,mBAAmB;AAClD,OAAOC,kBAAkB,cAAc;AACvC,OAAOC,mBAAmB,qBAAqB;AAC/C,SAASC,QAAQ,QAAQ,wBAAwB;AAEjD,OAAO,MAAMC,QAAQJ,eAAe;IAClCK,SAAS;QACPC,MAAML;QACNM,QAAQL;QACR,CAACC,SAASK,WAAW,CAAC,EAAEL,SAASE,OAAO;IAC1C;IACAI,YAAY,CAACC,uBAAyBA,uBAAuBC,MAAM,CAACR,SAASM,UAAU;AACzF,GAAG"
    },
    "_coverageSchema": "1a1c01bbd47fc00a2c39e90264f33305004495a9",
    "hash": "3024e87fdefe9811543d4dd31200e849d29a030d"
  },
  "E:/MyProject/RS-React2023Q1/RS-React2023Q1/src/main-client.tsx": {
    "path": "E:/MyProject/RS-React2023Q1/RS-React2023Q1/src/main-client.tsx",
    "statementMap": {
      "0": {
        "start": {
          "line": 8,
          "column": 16
        },
        "end": {
          "line": 8,
          "column": 47
        }
      },
      "1": {
        "start": {
          "line": 9,
          "column": 32
        },
        "end": {
          "line": 26,
          "column": 8
        }
      },
      "2": {
        "start": {
          "line": 27,
          "column": 0
        },
        "end": {
          "line": 27,
          "column": 32
        }
      }
    },
    "fnMap": {},
    "branchMap": {},
    "s": {
      "0": 24,
      "1": 24,
      "2": 24
    },
    "f": {},
    "b": {},
    "inputSourceMap": {
      "version": 3,
      "sources": [
        "E:/MyProject/RS-React2023Q1/RS-React2023Q1/src/main-client.tsx"
      ],
      "names": [
        "React",
        "hydrateRoot",
        "BrowserRouter",
        "App",
        "store",
        "Provider",
        "domNode",
        "document",
        "getElementById",
        "reactNode"
      ],
      "mappings": ";AAAA,OAAOA,WAAW,QAAQ;AAE1B,SAASC,WAAW,QAAQ,mBAAmB;AAC/C,SAASC,aAAa,QAAQ,mBAAmB;AACjD,OAAOC,SAAS,QAAQ;AACxB,SAASC,KAAK,QAAQ,cAAc;AACpC,SAASC,QAAQ,QAAQ,cAAc;AAEvC,MAAMC,UAAUC,SAASC,cAAc,CAAC;AAExC,MAAMC,0BACJ,QAACJ;IAASD,OAAOA;cACf,cAAA,QAACF;kBACC,cAAA,QAACC;;;;;;;;;;;;;;;AAKPF,YAAYK,SAASG"
    },
    "_coverageSchema": "1a1c01bbd47fc00a2c39e90264f33305004495a9",
    "hash": "e989daec2d284e8d15290c7243b8af3a80bb2f06"
  },
  "E:/MyProject/RS-React2023Q1/RS-React2023Q1/src/test/setup.ts": {
    "path": "E:/MyProject/RS-React2023Q1/RS-React2023Q1/src/test/setup.ts",
    "statementMap": {},
    "fnMap": {},
    "branchMap": {},
    "s": {},
    "f": {},
    "b": {}
  },
  "E:/MyProject/RS-React2023Q1/RS-React2023Q1/src/main-server.tsx": {
    "path": "E:/MyProject/RS-React2023Q1/RS-React2023Q1/src/main-server.tsx",
    "statementMap": {},
    "fnMap": {},
    "branchMap": {},
    "s": {},
    "f": {},
    "b": {}
  },
  "E:/MyProject/RS-React2023Q1/RS-React2023Q1/src/test/AboutUsPage.test.tsx": {
    "path": "E:/MyProject/RS-React2023Q1/RS-React2023Q1/src/test/AboutUsPage.test.tsx",
    "statementMap": {},
    "fnMap": {},
    "branchMap": {},
    "s": {},
    "f": {},
    "b": {}
  },
  "E:/MyProject/RS-React2023Q1/RS-React2023Q1/src/test/App.test.tsx": {
    "path": "E:/MyProject/RS-React2023Q1/RS-React2023Q1/src/test/App.test.tsx",
    "statementMap": {},
    "fnMap": {},
    "branchMap": {},
    "s": {},
    "f": {},
    "b": {}
  },
  "E:/MyProject/RS-React2023Q1/RS-React2023Q1/src/test/Cards.test.tsx": {
    "path": "E:/MyProject/RS-React2023Q1/RS-React2023Q1/src/test/Cards.test.tsx",
    "statementMap": {},
    "fnMap": {},
    "branchMap": {},
    "s": {},
    "f": {},
    "b": {}
  },
  "E:/MyProject/RS-React2023Q1/RS-React2023Q1/src/test/chooseColor.test.tsx": {
    "path": "E:/MyProject/RS-React2023Q1/RS-React2023Q1/src/test/chooseColor.test.tsx",
    "statementMap": {},
    "fnMap": {},
    "branchMap": {},
    "s": {},
    "f": {},
    "b": {}
  },
  "E:/MyProject/RS-React2023Q1/RS-React2023Q1/src/test/Form.test.tsx": {
    "path": "E:/MyProject/RS-React2023Q1/RS-React2023Q1/src/test/Form.test.tsx",
    "statementMap": {},
    "fnMap": {},
    "branchMap": {},
    "s": {},
    "f": {},
    "b": {}
  },
  "E:/MyProject/RS-React2023Q1/RS-React2023Q1/src/test/FormCards.test.tsx": {
    "path": "E:/MyProject/RS-React2023Q1/RS-React2023Q1/src/test/FormCards.test.tsx",
    "statementMap": {},
    "fnMap": {},
    "branchMap": {},
    "s": {},
    "f": {},
    "b": {}
  },
  "E:/MyProject/RS-React2023Q1/RS-React2023Q1/src/test/FormsPage.test.tsx": {
    "path": "E:/MyProject/RS-React2023Q1/RS-React2023Q1/src/test/FormsPage.test.tsx",
    "statementMap": {},
    "fnMap": {},
    "branchMap": {},
    "s": {},
    "f": {},
    "b": {}
  },
  "E:/MyProject/RS-React2023Q1/RS-React2023Q1/src/test/LoadingCards.test.tsx": {
    "path": "E:/MyProject/RS-React2023Q1/RS-React2023Q1/src/test/LoadingCards.test.tsx",
    "statementMap": {},
    "fnMap": {},
    "branchMap": {},
    "s": {},
    "f": {},
    "b": {}
  },
  "E:/MyProject/RS-React2023Q1/RS-React2023Q1/src/test/main.test.tsx": {
    "path": "E:/MyProject/RS-React2023Q1/RS-React2023Q1/src/test/main.test.tsx",
    "statementMap": {},
    "fnMap": {},
    "branchMap": {},
    "s": {},
    "f": {},
    "b": {}
  },
  "E:/MyProject/RS-React2023Q1/RS-React2023Q1/src/test/Modal.test.tsx": {
    "path": "E:/MyProject/RS-React2023Q1/RS-React2023Q1/src/test/Modal.test.tsx",
    "statementMap": {},
    "fnMap": {},
    "branchMap": {},
    "s": {},
    "f": {},
    "b": {}
  },
  "E:/MyProject/RS-React2023Q1/RS-React2023Q1/src/test/MovieDetails.test.tsx": {
    "path": "E:/MyProject/RS-React2023Q1/RS-React2023Q1/src/test/MovieDetails.test.tsx",
    "statementMap": {},
    "fnMap": {},
    "branchMap": {},
    "s": {},
    "f": {},
    "b": {}
  },
  "E:/MyProject/RS-React2023Q1/RS-React2023Q1/src/test/NotFoundPage.test.tsx": {
    "path": "E:/MyProject/RS-React2023Q1/RS-React2023Q1/src/test/NotFoundPage.test.tsx",
    "statementMap": {},
    "fnMap": {},
    "branchMap": {},
    "s": {},
    "f": {},
    "b": {}
  },
  "E:/MyProject/RS-React2023Q1/RS-React2023Q1/src/test/SearchBar.test.tsx": {
    "path": "E:/MyProject/RS-React2023Q1/RS-React2023Q1/src/test/SearchBar.test.tsx",
    "statementMap": {},
    "fnMap": {},
    "branchMap": {},
    "s": {},
    "f": {},
    "b": {}
  }
}
